<testsuites id="" name="" tests="5" failures="5" skipped="0" errors="0" time="10.364236">
<testsuite name="projects.spec.ts" timestamp="2025-09-22T02:02:01.967Z" hostname="chromium" tests="1" failures="1" skipped="0" time="2.6" errors="0">
<testcase name="projects CRUD via API (in-memory)" classname="projects.spec.ts" time="2.6">
<failure message="projects.spec.ts:3:5 projects CRUD via API (in-memory)" type="FAILURE">
<![CDATA[  [chromium] › projects.spec.ts:3:5 › projects CRUD via API (in-memory) ────────────────────────────

    SyntaxError: Unexpected end of JSON input

      29 |   });
      30 |   expect(res.status()).toBe(201);
    > 31 |   const body = await res.json();
         |                ^
      32 |   expect(body.slug).toBe(slug);
      33 |   expect(body.id).toBeTruthy();
      34 |
        at C:\Users\kiri_\cursor-main\tests\e2e\projects.spec.ts:31:16
]]>
</failure>
</testcase>
</testsuite>
<testsuite name="projects.spec.ts" timestamp="2025-09-22T02:02:01.967Z" hostname="firefox" tests="1" failures="1" skipped="0" time="2.599" errors="0">
<testcase name="projects CRUD via API (in-memory)" classname="projects.spec.ts" time="2.599">
<failure message="projects.spec.ts:3:5 projects CRUD via API (in-memory)" type="FAILURE">
<![CDATA[  [firefox] › projects.spec.ts:3:5 › projects CRUD via API (in-memory) ─────────────────────────────

    SyntaxError: Unexpected end of JSON input

      29 |   });
      30 |   expect(res.status()).toBe(201);
    > 31 |   const body = await res.json();
         |                ^
      32 |   expect(body.slug).toBe(slug);
      33 |   expect(body.id).toBeTruthy();
      34 |
        at C:\Users\kiri_\cursor-main\tests\e2e\projects.spec.ts:31:16
]]>
</failure>
</testcase>
</testsuite>
<testsuite name="projects.spec.ts" timestamp="2025-09-22T02:02:01.967Z" hostname="webkit" tests="1" failures="1" skipped="0" time="2.599" errors="0">
<testcase name="projects CRUD via API (in-memory)" classname="projects.spec.ts" time="2.599">
<failure message="projects.spec.ts:3:5 projects CRUD via API (in-memory)" type="FAILURE">
<![CDATA[  [webkit] › projects.spec.ts:3:5 › projects CRUD via API (in-memory) ──────────────────────────────

    SyntaxError: Unexpected end of JSON input

      29 |   });
      30 |   expect(res.status()).toBe(201);
    > 31 |   const body = await res.json();
         |                ^
      32 |   expect(body.slug).toBe(slug);
      33 |   expect(body.id).toBeTruthy();
      34 |
        at C:\Users\kiri_\cursor-main\tests\e2e\projects.spec.ts:31:16
]]>
</failure>
</testcase>
</testsuite>
<testsuite name="projects.spec.ts" timestamp="2025-09-22T02:02:01.967Z" hostname="Mobile Chrome" tests="1" failures="1" skipped="0" time="2.599" errors="0">
<testcase name="projects CRUD via API (in-memory)" classname="projects.spec.ts" time="2.599">
<failure message="projects.spec.ts:3:5 projects CRUD via API (in-memory)" type="FAILURE">
<![CDATA[  [Mobile Chrome] › projects.spec.ts:3:5 › projects CRUD via API (in-memory) ───────────────────────

    SyntaxError: Unexpected end of JSON input

      29 |   });
      30 |   expect(res.status()).toBe(201);
    > 31 |   const body = await res.json();
         |                ^
      32 |   expect(body.slug).toBe(slug);
      33 |   expect(body.id).toBeTruthy();
      34 |
        at C:\Users\kiri_\cursor-main\tests\e2e\projects.spec.ts:31:16
]]>
</failure>
</testcase>
</testsuite>
<testsuite name="projects.spec.ts" timestamp="2025-09-22T02:02:01.967Z" hostname="Mobile Safari" tests="1" failures="1" skipped="0" time="2.596" errors="0">
<testcase name="projects CRUD via API (in-memory)" classname="projects.spec.ts" time="2.596">
<failure message="projects.spec.ts:3:5 projects CRUD via API (in-memory)" type="FAILURE">
<![CDATA[  [Mobile Safari] › projects.spec.ts:3:5 › projects CRUD via API (in-memory) ───────────────────────

    SyntaxError: Unexpected end of JSON input

      29 |   });
      30 |   expect(res.status()).toBe(201);
    > 31 |   const body = await res.json();
         |                ^
      32 |   expect(body.slug).toBe(slug);
      33 |   expect(body.id).toBeTruthy();
      34 |
        at C:\Users\kiri_\cursor-main\tests\e2e\projects.spec.ts:31:16
]]>
</failure>
</testcase>
</testsuite>
</testsuites>