<testsuites id="" name="" tests="5" failures="5" skipped="0" errors="0" time="12.158355">
<testsuite name="projects.spec.ts" timestamp="2025-09-22T02:07:55.023Z" hostname="chromium" tests="1" failures="1" skipped="0" time="4.558" errors="0">
<testcase name="projects CRUD via API (in-memory)" classname="projects.spec.ts" time="4.558">
<failure message="projects.spec.ts:3:5 projects CRUD via API (in-memory)" type="FAILURE">
<![CDATA[  [chromium] › projects.spec.ts:3:5 › projects CRUD via API (in-memory) ────────────────────────────

    Error: expect(received).toBeTruthy()

    Received: false

      44 |     method: 'DELETE',
      45 |   });
    > 46 |   expect(del.ok()).toBeTruthy();
         |                    ^
      47 | });
      48 |
        at C:\Users\kiri_\cursor-main\tests\e2e\projects.spec.ts:46:20
]]>
</failure>
</testcase>
</testsuite>
<testsuite name="projects.spec.ts" timestamp="2025-09-22T02:07:55.023Z" hostname="firefox" tests="1" failures="1" skipped="0" time="4.556" errors="0">
<testcase name="projects CRUD via API (in-memory)" classname="projects.spec.ts" time="4.556">
<failure message="projects.spec.ts:3:5 projects CRUD via API (in-memory)" type="FAILURE">
<![CDATA[  [firefox] › projects.spec.ts:3:5 › projects CRUD via API (in-memory) ─────────────────────────────

    Error: expect(received).toBeTruthy()

    Received: false

      44 |     method: 'DELETE',
      45 |   });
    > 46 |   expect(del.ok()).toBeTruthy();
         |                    ^
      47 | });
      48 |
        at C:\Users\kiri_\cursor-main\tests\e2e\projects.spec.ts:46:20
]]>
</failure>
</testcase>
</testsuite>
<testsuite name="projects.spec.ts" timestamp="2025-09-22T02:07:55.023Z" hostname="webkit" tests="1" failures="1" skipped="0" time="4.556" errors="0">
<testcase name="projects CRUD via API (in-memory)" classname="projects.spec.ts" time="4.556">
<failure message="projects.spec.ts:3:5 projects CRUD via API (in-memory)" type="FAILURE">
<![CDATA[  [webkit] › projects.spec.ts:3:5 › projects CRUD via API (in-memory) ──────────────────────────────

    Error: expect(received).toBeTruthy()

    Received: false

      44 |     method: 'DELETE',
      45 |   });
    > 46 |   expect(del.ok()).toBeTruthy();
         |                    ^
      47 | });
      48 |
        at C:\Users\kiri_\cursor-main\tests\e2e\projects.spec.ts:46:20
]]>
</failure>
</testcase>
</testsuite>
<testsuite name="projects.spec.ts" timestamp="2025-09-22T02:07:55.023Z" hostname="Mobile Chrome" tests="1" failures="1" skipped="0" time="4.556" errors="0">
<testcase name="projects CRUD via API (in-memory)" classname="projects.spec.ts" time="4.556">
<failure message="projects.spec.ts:3:5 projects CRUD via API (in-memory)" type="FAILURE">
<![CDATA[  [Mobile Chrome] › projects.spec.ts:3:5 › projects CRUD via API (in-memory) ───────────────────────

    Error: expect(received).toBeTruthy()

    Received: false

      44 |     method: 'DELETE',
      45 |   });
    > 46 |   expect(del.ok()).toBeTruthy();
         |                    ^
      47 | });
      48 |
        at C:\Users\kiri_\cursor-main\tests\e2e\projects.spec.ts:46:20
]]>
</failure>
</testcase>
</testsuite>
<testsuite name="projects.spec.ts" timestamp="2025-09-22T02:07:55.023Z" hostname="Mobile Safari" tests="1" failures="1" skipped="0" time="4.556" errors="0">
<testcase name="projects CRUD via API (in-memory)" classname="projects.spec.ts" time="4.556">
<failure message="projects.spec.ts:3:5 projects CRUD via API (in-memory)" type="FAILURE">
<![CDATA[  [Mobile Safari] › projects.spec.ts:3:5 › projects CRUD via API (in-memory) ───────────────────────

    Error: expect(received).toBeTruthy()

    Received: false

      44 |     method: 'DELETE',
      45 |   });
    > 46 |   expect(del.ok()).toBeTruthy();
         |                    ^
      47 | });
      48 |
        at C:\Users\kiri_\cursor-main\tests\e2e\projects.spec.ts:46:20
]]>
</failure>
</testcase>
</testsuite>
</testsuites>