<testsuites id="" name="" tests="5" failures="5" skipped="0" errors="0" time="10.233466">
<testsuite name="projects.spec.ts" timestamp="2025-09-22T02:05:36.828Z" hostname="chromium" tests="1" failures="1" skipped="0" time="2.662" errors="0">
<testcase name="projects CRUD via API (in-memory)" classname="projects.spec.ts" time="2.662">
<failure message="projects.spec.ts:3:5 projects CRUD via API (in-memory)" type="FAILURE">
<![CDATA[  [chromium] › projects.spec.ts:3:5 › projects CRUD via API (in-memory) ────────────────────────────

    Error: expect(received).toBeTruthy()

    Received: undefined

      38 |   const items = await list.json();
      39 |   const found = items.find((p: any) => p.slug === slug);
    > 40 |   expect(found).toBeTruthy();
         |                 ^
      41 |
      42 |   // Delete the created project
      43 |   const del = await request.fetch(`/api/projects/${body.id}`, {
        at C:\Users\kiri_\cursor-main\tests\e2e\projects.spec.ts:40:17
]]>
</failure>
</testcase>
</testsuite>
<testsuite name="projects.spec.ts" timestamp="2025-09-22T02:05:36.828Z" hostname="firefox" tests="1" failures="1" skipped="0" time="2.659" errors="0">
<testcase name="projects CRUD via API (in-memory)" classname="projects.spec.ts" time="2.659">
<failure message="projects.spec.ts:3:5 projects CRUD via API (in-memory)" type="FAILURE">
<![CDATA[  [firefox] › projects.spec.ts:3:5 › projects CRUD via API (in-memory) ─────────────────────────────

    Error: expect(received).toBeTruthy()

    Received: undefined

      38 |   const items = await list.json();
      39 |   const found = items.find((p: any) => p.slug === slug);
    > 40 |   expect(found).toBeTruthy();
         |                 ^
      41 |
      42 |   // Delete the created project
      43 |   const del = await request.fetch(`/api/projects/${body.id}`, {
        at C:\Users\kiri_\cursor-main\tests\e2e\projects.spec.ts:40:17
]]>
</failure>
</testcase>
</testsuite>
<testsuite name="projects.spec.ts" timestamp="2025-09-22T02:05:36.828Z" hostname="webkit" tests="1" failures="1" skipped="0" time="2.663" errors="0">
<testcase name="projects CRUD via API (in-memory)" classname="projects.spec.ts" time="2.663">
<failure message="projects.spec.ts:3:5 projects CRUD via API (in-memory)" type="FAILURE">
<![CDATA[  [webkit] › projects.spec.ts:3:5 › projects CRUD via API (in-memory) ──────────────────────────────

    Error: expect(received).toBeTruthy()

    Received: undefined

      38 |   const items = await list.json();
      39 |   const found = items.find((p: any) => p.slug === slug);
    > 40 |   expect(found).toBeTruthy();
         |                 ^
      41 |
      42 |   // Delete the created project
      43 |   const del = await request.fetch(`/api/projects/${body.id}`, {
        at C:\Users\kiri_\cursor-main\tests\e2e\projects.spec.ts:40:17
]]>
</failure>
</testcase>
</testsuite>
<testsuite name="projects.spec.ts" timestamp="2025-09-22T02:05:36.828Z" hostname="Mobile Chrome" tests="1" failures="1" skipped="0" time="2.657" errors="0">
<testcase name="projects CRUD via API (in-memory)" classname="projects.spec.ts" time="2.657">
<failure message="projects.spec.ts:3:5 projects CRUD via API (in-memory)" type="FAILURE">
<![CDATA[  [Mobile Chrome] › projects.spec.ts:3:5 › projects CRUD via API (in-memory) ───────────────────────

    Error: expect(received).toBeTruthy()

    Received: undefined

      38 |   const items = await list.json();
      39 |   const found = items.find((p: any) => p.slug === slug);
    > 40 |   expect(found).toBeTruthy();
         |                 ^
      41 |
      42 |   // Delete the created project
      43 |   const del = await request.fetch(`/api/projects/${body.id}`, {
        at C:\Users\kiri_\cursor-main\tests\e2e\projects.spec.ts:40:17
]]>
</failure>
</testcase>
</testsuite>
<testsuite name="projects.spec.ts" timestamp="2025-09-22T02:05:36.828Z" hostname="Mobile Safari" tests="1" failures="1" skipped="0" time="2.656" errors="0">
<testcase name="projects CRUD via API (in-memory)" classname="projects.spec.ts" time="2.656">
<failure message="projects.spec.ts:3:5 projects CRUD via API (in-memory)" type="FAILURE">
<![CDATA[  [Mobile Safari] › projects.spec.ts:3:5 › projects CRUD via API (in-memory) ───────────────────────

    Error: expect(received).toBeTruthy()

    Received: undefined

      38 |   const items = await list.json();
      39 |   const found = items.find((p: any) => p.slug === slug);
    > 40 |   expect(found).toBeTruthy();
         |                 ^
      41 |
      42 |   // Delete the created project
      43 |   const del = await request.fetch(`/api/projects/${body.id}`, {
        at C:\Users\kiri_\cursor-main\tests\e2e\projects.spec.ts:40:17
]]>
</failure>
</testcase>
</testsuite>
</testsuites>