<testsuites id="" name="" tests="1" failures="1" skipped="0" errors="0" time="8.254948999999998">
<testsuite name="projects.spec.ts" timestamp="2025-09-13T10:53:32.184Z" hostname="chromium" tests="1" failures="1" skipped="0" time="0.587" errors="0">
<testcase name="projects CRUD via API (in-memory)" classname="projects.spec.ts" time="0.587">
<failure message="projects.spec.ts:3:1 projects CRUD via API (in-memory)" type="FAILURE">
<![CDATA[  [chromium] › projects.spec.ts:3:1 › projects CRUD via API (in-memory) ────────────────────────────

    Error: expect(received).toBeTruthy()

    Received: false

      4 |   // Wait for readiness explicitly
      5 |   const ready = await request.get('/api/_debug/ready');
    > 6 |   expect(ready.ok()).toBeTruthy();
        |                      ^
      7 |
      8 |   // Create a project
      9 |   const slug = `pwtest-${Date.now()}`;
        at C:\Users\kiri_\cursor-main\tests\e2e\projects.spec.ts:6:22
]]>
</failure>
</testcase>
</testsuite>
</testsuites>